<?xml version="1.0" encoding="UTF-8"?>
<testsuite name="firstTest.SquareTest" tests="1" skipped="0" failures="0" errors="0" timestamp="2020-09-26T15:29:56" hostname="DESKTOP-I8PVOAD" time="0.005">
  <properties/>
  <testcase name="testArea" classname="firstTest.SquareTest" time="0.005"/>
  <system-out><![CDATA[]]></system-out>
  <system-err><![CDATA[]]></system-err>
</testsuite>
